#! /usr/bin/vvp
:ivl_version "11.0 (stable)";
:ivl_delay_selection "TYPICAL";
:vpi_time_precision + 0;
:vpi_module "/usr/lib/x86_64-linux-gnu/ivl/system.vpi";
:vpi_module "/usr/lib/x86_64-linux-gnu/ivl/vhdl_sys.vpi";
:vpi_module "/usr/lib/x86_64-linux-gnu/ivl/vhdl_textio.vpi";
:vpi_module "/usr/lib/x86_64-linux-gnu/ivl/v2005_math.vpi";
:vpi_module "/usr/lib/x86_64-linux-gnu/ivl/va_math.vpi";
S_0x5630a3c8e220 .scope module, "spi_slave_controller" "spi_slave_controller" 2 1;
 .timescale 0 0;
    .port_info 0 /INPUT 1 "clk";
    .port_info 1 /INPUT 1 "mosi";
    .port_info 2 /OUTPUT 1 "miso";
    .port_info 3 /INPUT 1 "cs_b";
P_0x5630a3c8fa60 .param/l "idle" 0 2 18, C4<00>;
P_0x5630a3c8faa0 .param/l "stateAddress" 0 2 19, C4<01>;
P_0x5630a3c8fae0 .param/l "stateData" 0 2 20, C4<10>;
v0x5630a3cb3e00_0 .var "addressCounter", 7 0;
v0x5630a3cb3f00_0 .var "addressCounterReset", 0 0;
o0x7f196bea9078 .functor BUFZ 1, C4<z>; HiZ drive
v0x5630a3cb5aa0_0 .net "clk", 0 0, o0x7f196bea9078;  0 drivers
o0x7f196bea90a8 .functor BUFZ 1, C4<z>; HiZ drive
v0x5630a3cb5b40_0 .net "cs_b", 0 0, o0x7f196bea90a8;  0 drivers
v0x5630a3cdd6a0_0 .var "currState", 1 0;
v0x5630a3cdd7d0_0 .var "dataCounter", 7 0;
v0x5630a3cdd8b0_0 .var "dataCounterReset", 0 0;
v0x5630a3cdd970_0 .var "miso", 0 0;
o0x7f196bea9198 .functor BUFZ 1, C4<z>; HiZ drive
v0x5630a3cdda30_0 .net "mosi", 0 0, o0x7f196bea9198;  0 drivers
v0x5630a3cddaf0_0 .var "nextState", 1 0;
E_0x5630a3c8e820 .event posedge, v0x5630a3cb5b40_0, v0x5630a3cb5aa0_0;
E_0x5630a3cc7d10 .event edge, v0x5630a3cdd6a0_0, v0x5630a3cb3e00_0, v0x5630a3cdd7d0_0;
    .scope S_0x5630a3c8e220;
T_0 ;
    %wait E_0x5630a3c8e820;
    %load/vec4 v0x5630a3cb5b40_0;
    %pad/u 32;
    %cmpi/e 1, 0, 32;
    %jmp/0xz  T_0.0, 4;
    %pushi/vec4 0, 0, 2;
    %assign/vec4 v0x5630a3cdd6a0_0, 0;
    %jmp T_0.1;
T_0.0 ;
    %load/vec4 v0x5630a3cddaf0_0;
    %assign/vec4 v0x5630a3cdd6a0_0, 0;
T_0.1 ;
    %jmp T_0;
    .thread T_0;
    .scope S_0x5630a3c8e220;
T_1 ;
    %wait E_0x5630a3cc7d10;
    %load/vec4 v0x5630a3cdd6a0_0;
    %store/vec4 v0x5630a3cddaf0_0, 0, 2;
    %load/vec4 v0x5630a3cdd6a0_0;
    %dup/vec4;
    %pushi/vec4 0, 0, 2;
    %cmp/u;
    %jmp/1 T_1.0, 6;
    %dup/vec4;
    %pushi/vec4 1, 0, 2;
    %cmp/u;
    %jmp/1 T_1.1, 6;
    %dup/vec4;
    %pushi/vec4 2, 0, 2;
    %cmp/u;
    %jmp/1 T_1.2, 6;
    %jmp T_1.3;
T_1.0 ;
    %pushi/vec4 1, 0, 1;
    %store/vec4 v0x5630a3cb3f00_0, 0, 1;
    %pushi/vec4 1, 0, 1;
    %store/vec4 v0x5630a3cdd8b0_0, 0, 1;
    %pushi/vec4 1, 0, 2;
    %store/vec4 v0x5630a3cddaf0_0, 0, 2;
    %jmp T_1.3;
T_1.1 ;
    %pushi/vec4 0, 0, 1;
    %store/vec4 v0x5630a3cb3f00_0, 0, 1;
    %load/vec4 v0x5630a3cb3e00_0;
    %cmpi/e 8, 0, 8;
    %jmp/0xz  T_1.4, 4;
    %pushi/vec4 2, 0, 2;
    %store/vec4 v0x5630a3cddaf0_0, 0, 2;
T_1.4 ;
    %jmp T_1.3;
T_1.2 ;
    %pushi/vec4 0, 0, 1;
    %store/vec4 v0x5630a3cb3f00_0, 0, 1;
    %pushi/vec4 0, 0, 1;
    %store/vec4 v0x5630a3cdd8b0_0, 0, 1;
    %load/vec4 v0x5630a3cdd7d0_0;
    %cmpi/e 8, 0, 8;
    %jmp/0xz  T_1.6, 4;
    %pushi/vec4 0, 0, 2;
    %store/vec4 v0x5630a3cddaf0_0, 0, 2;
T_1.6 ;
    %jmp T_1.3;
T_1.3 ;
    %pop/vec4 1;
    %jmp T_1;
    .thread T_1, $push;
    .scope S_0x5630a3c8e220;
T_2 ;
    %wait E_0x5630a3c8e820;
    %load/vec4 v0x5630a3cb5b40_0;
    %flag_set/vec4 8;
    %load/vec4 v0x5630a3cb3f00_0;
    %flag_set/vec4 9;
    %flag_or 9, 8;
    %jmp/0xz  T_2.0, 9;
    %pushi/vec4 0, 0, 8;
    %assign/vec4 v0x5630a3cb3e00_0, 0;
    %jmp T_2.1;
T_2.0 ;
    %load/vec4 v0x5630a3cb3e00_0;
    %addi 1, 0, 8;
    %assign/vec4 v0x5630a3cb3e00_0, 0;
T_2.1 ;
    %jmp T_2;
    .thread T_2;
    .scope S_0x5630a3c8e220;
T_3 ;
    %wait E_0x5630a3c8e820;
    %load/vec4 v0x5630a3cb5b40_0;
    %flag_set/vec4 8;
    %load/vec4 v0x5630a3cdd8b0_0;
    %flag_set/vec4 9;
    %flag_or 9, 8;
    %jmp/0xz  T_3.0, 9;
    %pushi/vec4 0, 0, 8;
    %assign/vec4 v0x5630a3cdd7d0_0, 0;
    %jmp T_3.1;
T_3.0 ;
    %load/vec4 v0x5630a3cdd7d0_0;
    %addi 1, 0, 8;
    %assign/vec4 v0x5630a3cdd7d0_0, 0;
T_3.1 ;
    %jmp T_3;
    .thread T_3;
# The file index is used to find the file name in the following table.
:file_names 3;
    "N/A";
    "<interactive>";
    "spi_slave_controller.sv";
